120
FROM	0	2
1643384738321-000000-005000	RUN DB 5.417	RUN ALL 7.547	START=0	END=1000	SIZE=1000
1643384738388-005000-010000	RUN DB 5.518	RUN ALL 7.581	START=5000	END=6000	SIZE=1000
1643384738321-000000-005000	RUN DB 3.837	RUN ALL 4.394	START=1000	END=2000	SIZE=1000
1643384738388-005000-010000	RUN DB 4.261	RUN ALL 4.773	START=6000	END=7000	SIZE=1000
1643384738321-000000-005000	RUN DB 3.113	RUN ALL 3.602	START=2000	END=3000	SIZE=1000
1643384738388-005000-010000	RUN DB 3.702	RUN ALL 4.509	START=7000	END=8000	SIZE=1000
1643384738321-000000-005000	RUN DB 2.465	RUN ALL 2.975	START=3000	END=4000	SIZE=1000
1643384738388-005000-010000	RUN DB 2.977	RUN ALL 3.403	START=8000	END=9000	SIZE=1000
1643384738321-000000-005000	RUN DB 3.052	RUN ALL 3.506	START=4000	END=5000	SIZE=1000
1643384738388-005000-010000	RUN DB 2.926	RUN ALL 3.367	START=9000	END=10000	SIZE=1000
END 	FROM	0	TO	10000	23713	(FROM ORIGIN)	23704	(THIS STEP)
0 - 10000OK
FROM	2	4
1643384762066-015000-020000	RUN DB 4.543	RUN ALL 5.163	START=15000	END=16000	SIZE=1000
1643384762028-010000-015000	RUN DB 4.521	RUN ALL 5.555	START=10000	END=11000	SIZE=1000
1643384762066-015000-020000	RUN DB 3.384	RUN ALL 3.881	START=16000	END=17000	SIZE=1000
1643384762028-010000-015000	RUN DB 3.773	RUN ALL 4.185	START=11000	END=12000	SIZE=1000
1643384762066-015000-020000	RUN DB 2.716	RUN ALL 3.124	START=17000	END=18000	SIZE=1000
1643384762028-010000-015000	RUN DB 3.368	RUN ALL 3.809	START=12000	END=13000	SIZE=1000
1643384762066-015000-020000	RUN DB 2.918	RUN ALL 3.331	START=18000	END=19000	SIZE=1000
ERROR 	FROM	13820	TO	13840
1643384762028-010000-015000	RUN DB 3.191	RUN ALL 3.982	START=13000	END=14000	SIZE=980
1643384762066-015000-020000	RUN DB 2.955	RUN ALL 3.836	START=19000	END=20000	SIZE=1000
1643384762028-010000-015000	RUN DB 2.671	RUN ALL 3.563	START=14000	END=15000	SIZE=1000
FROM	4	6
END 	FROM	2	TO	20000	44814	(FROM ORIGIN)	21098	(THIS STEP)
0 - 20000OK
1643384783130-020000-025000	RUN DB 4.186	RUN ALL 4.725	START=20000	END=21000	SIZE=1000
1643384783173-025000-030000	RUN DB 4.285	RUN ALL 4.747	START=25000	END=26000	SIZE=1000
1643384783130-020000-025000	RUN DB 3.711	RUN ALL 4.139	START=21000	END=22000	SIZE=1000
1643384783173-025000-030000	RUN DB 4.136	RUN ALL 4.54	START=26000	END=27000	SIZE=1000
1643384783130-020000-025000	RUN DB 3.143	RUN ALL 3.61	START=22000	END=23000	SIZE=1000
1643384783173-025000-030000	RUN DB 3.624	RUN ALL 4.051	START=27000	END=28000	SIZE=1000
1643384783130-020000-025000	RUN DB 2.822	RUN ALL 3.287	START=23000	END=24000	SIZE=1000
1643384783173-025000-030000	RUN DB 3.481	RUN ALL 3.961	START=28000	END=29000	SIZE=1000
1643384783130-020000-025000	RUN DB 3.237	RUN ALL 3.663	START=24000	END=25000	SIZE=1000
END 	FROM	4	TO	30000	65630	(FROM ORIGIN)	20812	(THIS STEP)
1643384783173-025000-030000	RUN DB 3.028	RUN ALL 3.469	START=29000	END=30000	SIZE=1000
0 - 30000OK
FROM	6	8
1643384803947-030000-035000	RUN DB 4.09	RUN ALL 4.605	START=30000	END=31000	SIZE=1000
1643384803980-035000-040000	RUN DB 4.197	RUN ALL 4.681	START=35000	END=36000	SIZE=1000
1643384803947-030000-035000	RUN DB 3.969	RUN ALL 4.436	START=31000	END=32000	SIZE=1000
1643384803980-035000-040000	RUN DB 4.244	RUN ALL 4.661	START=36000	END=37000	SIZE=1000
1643384803947-030000-035000	RUN DB 3.495	RUN ALL 4.002	START=32000	END=33000	SIZE=1000
1643384803980-035000-040000	RUN DB 3.896	RUN ALL 4.275	START=37000	END=38000	SIZE=1000
1643384803947-030000-035000	RUN DB 3.03	RUN ALL 3.521	START=33000	END=34000	SIZE=1000
1643384803980-035000-040000	RUN DB 3.606	RUN ALL 4.115	START=38000	END=39000	SIZE=1000
1643384803947-030000-035000	RUN DB 3.444	RUN ALL 3.871	START=34000	END=35000	SIZE=1000
FROM	8	10
END 	FROM	6	TO	40000	87450	(FROM ORIGIN)	21815	(THIS STEP)
1643384803980-035000-040000	RUN DB 3.596	RUN ALL 4.045	START=39000	END=40000	SIZE=1000
0 - 40000OK
1643384825768-040000-045000	RUN DB 4.063	RUN ALL 4.701	START=40000	END=41000	SIZE=1000
1643384825801-045000-050000	RUN DB 4.365	RUN ALL 4.889	START=45000	END=46000	SIZE=1000
1643384825768-040000-045000	RUN DB 3.725	RUN ALL 4.303	START=41000	END=42000	SIZE=1000
1643384825801-045000-050000	RUN DB 4.201	RUN ALL 4.701	START=46000	END=47000	SIZE=1000
1643384825768-040000-045000	RUN DB 3.731	RUN ALL 4.239	START=42000	END=43000	SIZE=1000
1643384825801-045000-050000	RUN DB 3.847	RUN ALL 4.299	START=47000	END=48000	SIZE=1000
1643384825768-040000-045000	RUN DB 2.984	RUN ALL 3.421	START=43000	END=44000	SIZE=1000
1643384825801-045000-050000	RUN DB 3.597	RUN ALL 4.018	START=48000	END=49000	SIZE=1000
1643384825768-040000-045000	RUN DB 3.468	RUN ALL 3.864	START=44000	END=45000	SIZE=1000
FROM	10	12
END 	FROM	8	TO	50000	109316	(FROM ORIGIN)	21861	(THIS STEP)
1643384825801-045000-050000	RUN DB 3.492	RUN ALL 3.916	START=49000	END=50000	SIZE=1000
0 - 50000OK
1643384847634-050000-055000	RUN DB 4.031	RUN ALL 4.528	START=50000	END=51000	SIZE=1000
1643384847660-055000-060000	RUN DB 4.321	RUN ALL 4.835	START=55000	END=56000	SIZE=1000
1643384847634-050000-055000	RUN DB 3.826	RUN ALL 4.347	START=51000	END=52000	SIZE=1000
1643384847660-055000-060000	RUN DB 4.232	RUN ALL 4.817	START=56000	END=57000	SIZE=1000
1643384847634-050000-055000	RUN DB 3.085	RUN ALL 3.544	START=52000	END=53000	SIZE=1000
1643384847660-055000-060000	RUN DB 3.552	RUN ALL 3.971	START=57000	END=58000	SIZE=1000
1643384847634-050000-055000	RUN DB 3.567	RUN ALL 4.069	START=53000	END=54000	SIZE=1000
1643384847660-055000-060000	RUN DB 3.713	RUN ALL 4.373	START=58000	END=59000	SIZE=1000
1643384847634-050000-055000	RUN DB 3.212	RUN ALL 3.707	START=54000	END=55000	SIZE=1000
1643384847660-055000-060000	RUN DB 3.22	RUN ALL 3.733	START=59000	END=60000	SIZE=1000
FROM	12	14
END 	FROM	10	TO	60000	131083	(FROM ORIGIN)	21761	(THIS STEP)
0 - 60000OK
1643384869404-060000-065000	RUN DB 4.254	RUN ALL 4.817	START=60000	END=61000	SIZE=1000
1643384869434-065000-070000	RUN DB 4.54	RUN ALL 5.023	START=65000	END=66000	SIZE=1000
1643384869404-060000-065000	RUN DB 3.97	RUN ALL 4.442	START=61000	END=62000	SIZE=1000
1643384869434-065000-070000	RUN DB 4.326	RUN ALL 4.775	START=66000	END=67000	SIZE=1000
1643384869404-060000-065000	RUN DB 4.142	RUN ALL 4.657	START=62000	END=63000	SIZE=1000
1643384869434-065000-070000	RUN DB 4.382	RUN ALL 4.821	START=67000	END=68000	SIZE=1000
1643384869404-060000-065000	RUN DB 3.361	RUN ALL 3.825	START=63000	END=64000	SIZE=1000
1643384869434-065000-070000	RUN DB 4.035	RUN ALL 4.467	START=68000	END=69000	SIZE=1000
1643384869404-060000-065000	RUN DB 3.743	RUN ALL 4.15	START=64000	END=65000	SIZE=1000
END 	FROM	12	TO	70000	154398	(FROM ORIGIN)	23306	(THIS STEP)
1643384869434-065000-070000	RUN DB 3.711	RUN ALL 4.187	START=69000	END=70000	SIZE=1000
0 - 70000OK
FROM	14	16
1643384892717-070000-075000	RUN DB 6.318	RUN ALL 6.843	START=70000	END=71000	SIZE=1000
1643384892748-075000-080000	RUN DB 6.387	RUN ALL 6.861	START=75000	END=76000	SIZE=1000
1643384892717-070000-075000	RUN DB 4.267	RUN ALL 4.822	START=71000	END=72000	SIZE=1000
1643384892748-075000-080000	RUN DB 4.666	RUN ALL 5.245	START=76000	END=77000	SIZE=1000
1643384892717-070000-075000	RUN DB 4.043	RUN ALL 4.65	START=72000	END=73000	SIZE=1000
1643384892748-075000-080000	RUN DB 4.292	RUN ALL 4.839	START=77000	END=78000	SIZE=1000
1643384892717-070000-075000	RUN DB 3.959	RUN ALL 4.461	START=73000	END=74000	SIZE=1000
1643384892748-075000-080000	RUN DB 4.142	RUN ALL 4.651	START=78000	END=79000	SIZE=1000
1643384892717-070000-075000	RUN DB 3.484	RUN ALL 3.896	START=74000	END=75000	SIZE=1000
1643384892748-075000-080000	RUN DB 3.823	RUN ALL 4.26	START=79000	END=80000	SIZE=1000
END 	FROM	14	TO	80000	180295	(FROM ORIGIN)	25890	(THIS STEP)
FROM	16	18
0 - 80000OK
1643384918649-085000-090000	RUN DB 4.844	RUN ALL 5.422	START=85000	END=86000	SIZE=1000
1643384918616-080000-085000	RUN DB 4.934	RUN ALL 5.497	START=80000	END=81000	SIZE=1000
1643384918649-085000-090000	RUN DB 4.99	RUN ALL 5.563	START=86000	END=87000	SIZE=1000
1643384918616-080000-085000	RUN DB 5.148	RUN ALL 5.689	START=81000	END=82000	SIZE=1000
1643384918649-085000-090000	RUN DB 4.184	RUN ALL 4.722	START=87000	END=88000	SIZE=1000
1643384918616-080000-085000	RUN DB 4.623	RUN ALL 5.184	START=82000	END=83000	SIZE=1000
1643384918649-085000-090000	RUN DB 4.249	RUN ALL 4.929	START=88000	END=89000	SIZE=1000
1643384918616-080000-085000	RUN DB 4.389	RUN ALL 4.854	START=83000	END=84000	SIZE=1000
1643384918649-085000-090000	RUN DB 4.485	RUN ALL 5.055	START=89000	END=90000	SIZE=1000
1643384918616-080000-085000	RUN DB 4.612	RUN ALL 5.067	START=84000	END=85000	SIZE=1000
END 	FROM	16	TO	90000	206596	(FROM ORIGIN)	26292	(THIS STEP)
FROM	18	20
0 - 90000OK
1643384944953-095000-100000	RUN DB 5.35	RUN ALL 6.485	START=95000	END=96000	SIZE=1000
1643384944919-090000-095000	RUN DB 5.484	RUN ALL 6.642	START=90000	END=91000	SIZE=1000
1643384944919-090000-095000	RUN DB 5.537	RUN ALL 6.228	START=91000	END=92000	SIZE=1000
1643384944953-095000-100000	RUN DB 5.467	RUN ALL 6.404	START=96000	END=97000	SIZE=1000
1643384944919-090000-095000	RUN DB 4.576	RUN ALL 5.175	START=92000	END=93000	SIZE=1000
1643384944953-095000-100000	RUN DB 4.884	RUN ALL 5.412	START=97000	END=98000	SIZE=1000
1643384944919-090000-095000	RUN DB 4.124	RUN ALL 4.678	START=93000	END=94000	SIZE=1000
1643384944953-095000-100000	RUN DB 4.509	RUN ALL 4.931	START=98000	END=99000	SIZE=1000
1643384944919-090000-095000	RUN DB 4.256	RUN ALL 4.764	START=94000	END=95000	SIZE=1000
END 	FROM	18	TO	100000	234676	(FROM ORIGIN)	28069	(THIS STEP)
1643384944953-095000-100000	RUN DB 4.35	RUN ALL 4.801	START=99000	END=100000	SIZE=1000
FROM	20	22
0 - 100000OK
1643384972999-100000-105000	RUN DB 4.723	RUN ALL 5.262	START=100000	END=101000	SIZE=1000
1643384973025-105000-110000	RUN DB 4.884	RUN ALL 5.368	START=105000	END=106000	SIZE=1000
1643384972999-100000-105000	RUN DB 4.338	RUN ALL 4.88	START=101000	END=102000	SIZE=1000
1643384973025-105000-110000	RUN DB 4.848	RUN ALL 5.312	START=106000	END=107000	SIZE=1000
1643384972999-100000-105000	RUN DB 3.938	RUN ALL 4.399	START=102000	END=103000	SIZE=1000
1643384973025-105000-110000	RUN DB 4.423	RUN ALL 4.842	START=107000	END=108000	SIZE=1000
1643384972999-100000-105000	RUN DB 4.415	RUN ALL 4.872	START=103000	END=104000	SIZE=1000
1643384973025-105000-110000	RUN DB 4.138	RUN ALL 4.534	START=108000	END=109000	SIZE=1000
1643384972999-100000-105000	RUN DB 4.186	RUN ALL 4.713	START=104000	END=105000	SIZE=1000
1643384973025-105000-110000	RUN DB 4.216	RUN ALL 4.672	START=109000	END=110000	SIZE=1000
END 	FROM	20	TO	110000	259446	(FROM ORIGIN)	24759	(THIS STEP)
0 - 110000OK
FROM	22	24
1643384997771-110000-115000	RUN DB 5.446	RUN ALL 6.011	START=110000	END=111000	SIZE=1000
1643384997813-115000-120000	RUN DB 5.475	RUN ALL 6.051	START=115000	END=116000	SIZE=1000
1643384997771-110000-115000	RUN DB 4.585	RUN ALL 5.094	START=111000	END=112000	SIZE=1000
1643384997813-115000-120000	RUN DB 4.971	RUN ALL 5.469	START=116000	END=117000	SIZE=1000
1643384997771-110000-115000	RUN DB 4.494	RUN ALL 4.997	START=112000	END=113000	SIZE=1000
1643384997813-115000-120000	RUN DB 4.678	RUN ALL 5.066	START=117000	END=118000	SIZE=1000
1643384997771-110000-115000	RUN DB 4.555	RUN ALL 5.024	START=113000	END=114000	SIZE=1000
1643384997813-115000-120000	RUN DB 4.854	RUN ALL 5.256	START=118000	END=119000	SIZE=1000
1643384997771-110000-115000	RUN DB 4.402	RUN ALL 4.853	START=114000	END=115000	SIZE=1000
END 	FROM	22	TO	120000	286089	(FROM ORIGIN)	26631	(THIS STEP)
0 - 120000OK
1643384997813-115000-120000	RUN DB 4.343	RUN ALL 4.742	START=119000	END=120000	SIZE=1000
FROM	24	26
1643385024410-120000-125000	RUN DB 5.264	RUN ALL 5.814	START=120000	END=121000	SIZE=1000
1643385024432-125000-130000	RUN DB 5.479	RUN ALL 5.952	START=125000	END=126000	SIZE=1000
1643385024410-120000-125000	RUN DB 4.63	RUN ALL 5.107	START=121000	END=122000	SIZE=1000
1643385024432-125000-130000	RUN DB 5.048	RUN ALL 5.474	START=126000	END=127000	SIZE=1000
1643385024410-120000-125000	RUN DB 4.619	RUN ALL 5.106	START=122000	END=123000	SIZE=1000
1643385024432-125000-130000	RUN DB 4.678	RUN ALL 5.085	START=127000	END=128000	SIZE=1000
1643385024410-120000-125000	RUN DB 4.866	RUN ALL 5.379	START=123000	END=124000	SIZE=1000
1643385024432-125000-130000	RUN DB 5.058	RUN ALL 5.48	START=128000	END=129000	SIZE=1000
1643385024410-120000-125000	RUN DB 4.721	RUN ALL 5.194	START=124000	END=125000	SIZE=1000
1643385024432-125000-130000	RUN DB 4.791	RUN ALL 5.251	START=129000	END=130000	SIZE=1000
FROM	26	28
END 	FROM	24	TO	130000	313365	(FROM ORIGIN)	27267	(THIS STEP)
0 - 130000OK
1643385051686-130000-135000	RUN DB 5.122	RUN ALL 5.613	START=130000	END=131000	SIZE=1000
1643385051706-135000-140000	RUN DB 5.345	RUN ALL 5.797	START=135000	END=136000	SIZE=1000
1643385051686-130000-135000	RUN DB 4.749	RUN ALL 5.19	START=131000	END=132000	SIZE=1000
1643385051706-135000-140000	RUN DB 5.139	RUN ALL 5.534	START=136000	END=137000	SIZE=1000
1643385051686-130000-135000	RUN DB 4.846	RUN ALL 5.286	START=132000	END=133000	SIZE=1000
1643385051706-135000-140000	RUN DB 4.926	RUN ALL 5.313	START=137000	END=138000	SIZE=1000
1643385051686-130000-135000	RUN DB 4.751	RUN ALL 5.175	START=133000	END=134000	SIZE=1000
1643385051706-135000-140000	RUN DB 4.795	RUN ALL 5.186	START=138000	END=139000	SIZE=1000
1643385051686-130000-135000	RUN DB 4.888	RUN ALL 5.37	START=134000	END=135000	SIZE=1000
END 	FROM	26	TO	140000	340729	(FROM ORIGIN)	27355	(THIS STEP)
1643385051706-135000-140000	RUN DB 5.085	RUN ALL 5.503	START=139000	END=140000	SIZE=1000
FROM	28	30
0 - 140000OK
1643385079054-140000-145000	RUN DB 5.241	RUN ALL 5.738	START=140000	END=141000	SIZE=1000
1643385079085-145000-150000	RUN DB 5.379	RUN ALL 5.838	START=145000	END=146000	SIZE=1000
1643385079054-140000-145000	RUN DB 4.936	RUN ALL 5.369	START=141000	END=142000	SIZE=1000
1643385079085-145000-150000	RUN DB 5.609	RUN ALL 5.997	START=146000	END=147000	SIZE=1000
1643385079054-140000-145000	RUN DB 5.055	RUN ALL 5.54	START=142000	END=143000	SIZE=1000
1643385079085-145000-150000	RUN DB 4.889	RUN ALL 5.281	START=147000	END=148000	SIZE=1000
1643385079054-140000-145000	RUN DB 4.828	RUN ALL 5.27	START=143000	END=144000	SIZE=1000
1643385079085-145000-150000	RUN DB 4.985	RUN ALL 5.394	START=148000	END=149000	SIZE=1000
1643385079054-140000-145000	RUN DB 4.98	RUN ALL 5.426	START=144000	END=145000	SIZE=1000
END 	FROM	28	TO	150000	368698	(FROM ORIGIN)	27956	(THIS STEP)
1643385079085-145000-150000	RUN DB 5.012	RUN ALL 5.413	START=149000	END=150000	SIZE=1000
0 - 150000OK
FROM	30	32
1643385107021-150000-155000	RUN DB 5.295	RUN ALL 5.833	START=150000	END=151000	SIZE=1000
1643385107042-155000-160000	RUN DB 5.431	RUN ALL 6.118	START=155000	END=156000	SIZE=1000
1643385107021-150000-155000	RUN DB 4.963	RUN ALL 5.588	START=151000	END=152000	SIZE=1000
1643385107042-155000-160000	RUN DB 5.388	RUN ALL 6.049	START=156000	END=157000	SIZE=1000
1643385107021-150000-155000	RUN DB 5.821	RUN ALL 6.683	START=152000	END=153000	SIZE=1000
1643385107042-155000-160000	RUN DB 5.848	RUN ALL 6.617	START=157000	END=158000	SIZE=1000
1643385107021-150000-155000	RUN DB 5.054	RUN ALL 5.606	START=153000	END=154000	SIZE=1000
1643385107042-155000-160000	RUN DB 5.163	RUN ALL 5.677	START=158000	END=159000	SIZE=1000
1643385107021-150000-155000	RUN DB 5.068	RUN ALL 6.339	START=154000	END=155000	SIZE=1000
1643385107042-155000-160000	RUN DB 5.044	RUN ALL 6.361	START=159000	END=160000	SIZE=1000
0 - 160000OK
END 	FROM	30	TO	160000	399556	(FROM ORIGIN)	30847	(THIS STEP)
FROM	32	34
1643385137897-160000-165000	RUN DB 6.538	RUN ALL 8.239	START=160000	END=161000	SIZE=1000
1643385137970-165000-170000	RUN DB 7.755	RUN ALL 9.198	START=165000	END=166000	SIZE=1000
1643385137897-160000-165000	RUN DB 5.003	RUN ALL 5.615	START=161000	END=162000	SIZE=1000
1643385137970-165000-170000	RUN DB 4.702	RUN ALL 5.3	START=166000	END=167000	SIZE=1000
1643385137897-160000-165000	RUN DB 5.032	RUN ALL 5.744	START=162000	END=163000	SIZE=1000
1643385137970-165000-170000	RUN DB 4.984	RUN ALL 5.669	START=167000	END=168000	SIZE=1000
1643385137897-160000-165000	RUN DB 5.201	RUN ALL 6.051	START=163000	END=164000	SIZE=1000
1643385137970-165000-170000	RUN DB 5.187	RUN ALL 5.835	START=168000	END=169000	SIZE=1000
1643385137897-160000-165000	RUN DB 5.277	RUN ALL 5.863	START=164000	END=165000	SIZE=1000
1643385137970-165000-170000	RUN DB 5.903	RUN ALL 6.359	START=169000	END=170000	SIZE=1000
0 - 170000OK
END 	FROM	32	TO	170000	432024	(FROM ORIGIN)	32440	(THIS STEP)
FROM	34	36
1643385170351-170000-175000	RUN DB 5.605	RUN ALL 6.385	START=170000	END=171000	SIZE=1000
1643385170378-175000-180000	RUN DB 5.711	RUN ALL 6.504	START=175000	END=176000	SIZE=1000
1643385170351-170000-175000	RUN DB 5.861	RUN ALL 6.495	START=171000	END=172000	SIZE=1000
1643385170378-175000-180000	RUN DB 6.062	RUN ALL 6.553	START=176000	END=177000	SIZE=1000
1643385170351-170000-175000	RUN DB 7.802	RUN ALL 8.35	START=172000	END=173000	SIZE=1000
1643385170378-175000-180000	RUN DB 7.66	RUN ALL 8.199	START=177000	END=178000	SIZE=1000
1643385170351-170000-175000	RUN DB 5.901	RUN ALL 6.441	START=173000	END=174000	SIZE=1000
1643385170378-175000-180000	RUN DB 6.172	RUN ALL 6.653	START=178000	END=179000	SIZE=1000
1643385170351-170000-175000	RUN DB 5.603	RUN ALL 6.223	START=174000	END=175000	SIZE=1000
1643385170378-175000-180000	RUN DB 5.764	RUN ALL 6.256	START=179000	END=180000	SIZE=1000
FROM	36	38
END 	FROM	34	TO	180000	466234	(FROM ORIGIN)	34195	(THIS STEP)
0 - 180000OK
1643385204560-180000-185000	RUN DB 5.766	RUN ALL 6.44	START=180000	END=181000	SIZE=1000
1643385204603-185000-190000	RUN DB 5.883	RUN ALL 6.486	START=185000	END=186000	SIZE=1000
1643385204560-180000-185000	RUN DB 5.937	RUN ALL 6.491	START=181000	END=182000	SIZE=1000
1643385204603-185000-190000	RUN DB 6.167	RUN ALL 6.676	START=186000	END=187000	SIZE=1000
1643385204560-180000-185000	RUN DB 5.346	RUN ALL 5.903	START=182000	END=183000	SIZE=1000
1643385204603-185000-190000	RUN DB 5.724	RUN ALL 6.225	START=187000	END=188000	SIZE=1000
1643385204560-180000-185000	RUN DB 5.446	RUN ALL 6.144	START=183000	END=184000	SIZE=1000
1643385204603-185000-190000	RUN DB 5.499	RUN ALL 6.05	START=188000	END=189000	SIZE=1000
1643385204560-180000-185000	RUN DB 5.583	RUN ALL 6.249	START=184000	END=185000	SIZE=1000
END 	FROM	36	TO	190000	497938	(FROM ORIGIN)	31690	(THIS STEP)
0 - 190000OK
1643385204603-185000-190000	RUN DB 5.708	RUN ALL 6.208	START=189000	END=190000	SIZE=1000
FROM	38	40
1643385236264-190000-195000	RUN DB 6.108	RUN ALL 6.776	START=190000	END=191000	SIZE=1000
1643385236295-195000-200000	RUN DB 6.16	RUN ALL 6.853	START=195000	END=196000	SIZE=1000
1643385236264-190000-195000	RUN DB 5.705	RUN ALL 6.372	START=191000	END=192000	SIZE=1000
1643385236295-195000-200000	RUN DB 6.611	RUN ALL 7.096	START=196000	END=197000	SIZE=1000
1643385236264-190000-195000	RUN DB 6.037	RUN ALL 6.591	START=192000	END=193000	SIZE=1000
1643385236295-195000-200000	RUN DB 5.387	RUN ALL 5.928	START=197000	END=198000	SIZE=1000
1643385236264-190000-195000	RUN DB 5.442	RUN ALL 5.917	START=193000	END=194000	SIZE=1000
1643385236295-195000-200000	RUN DB 5.858	RUN ALL 6.31	START=198000	END=199000	SIZE=1000
1643385236264-190000-195000	RUN DB 5.455	RUN ALL 5.982	START=194000	END=195000	SIZE=1000
1643385236295-195000-200000	RUN DB 5.915	RUN ALL 6.31	START=199000	END=200000	SIZE=1000
END 	FROM	38	TO	200000	530483	(FROM ORIGIN)	32531	(THIS STEP)
FROM	40	42
0 - 200000OK
1643385268810-200000-205000	RUN DB 6.078	RUN ALL 6.569	START=200000	END=201000	SIZE=1000
1643385268834-205000-210000	RUN DB 6.18	RUN ALL 6.677	START=205000	END=206000	SIZE=1000
1643385268810-200000-205000	RUN DB 5.657	RUN ALL 6.191	START=201000	END=202000	SIZE=1000
1643385268834-205000-210000	RUN DB 6.025	RUN ALL 6.501	START=206000	END=207000	SIZE=1000
1643385268810-200000-205000	RUN DB 6.773	RUN ALL 7.651	START=202000	END=203000	SIZE=1000
1643385268834-205000-210000	RUN DB 6.396	RUN ALL 7.353	START=207000	END=208000	SIZE=1000
1643385268810-200000-205000	RUN DB 5.708	RUN ALL 6.32	START=203000	END=204000	SIZE=1000
1643385268810-200000-205000	RUN DB 3.328	RUN ALL 3.852	START=204000	END=205000	SIZE=1000
1643385268834-205000-210000	RUN DB 6.142	RUN ALL 34.862	START=208000	END=209000	SIZE=1000
1643385268834-205000-210000	RUN DB 3.535	RUN ALL 3.987	START=209000	END=210000	SIZE=1000
FROM	42	44
0 - 210000OK
END 	FROM	40	TO	210000	589905	(FROM ORIGIN)	59408	(THIS STEP)
1643385328234-210000-215000	RUN DB 6.282	RUN ALL 6.956	START=210000	END=211000	SIZE=1000
1643385328275-215000-220000	RUN DB 6.411	RUN ALL 7.042	START=215000	END=216000	SIZE=1000
1643385328234-210000-215000	RUN DB 5.917	RUN ALL 6.399	START=211000	END=212000	SIZE=1000
1643385328275-215000-220000	RUN DB 6.393	RUN ALL 6.891	START=216000	END=217000	SIZE=1000
1643385328234-210000-215000	RUN DB 5.829	RUN ALL 6.364	START=212000	END=213000	SIZE=1000
1643385328275-215000-220000	RUN DB 5.709	RUN ALL 6.188	START=217000	END=218000	SIZE=1000
1643385328234-210000-215000	RUN DB 5.874	RUN ALL 6.356	START=213000	END=214000	SIZE=1000
1643385328275-215000-220000	RUN DB 5.883	RUN ALL 6.372	START=218000	END=219000	SIZE=1000
1643385328234-210000-215000	RUN DB 6.028	RUN ALL 6.524	START=214000	END=215000	SIZE=1000
1643385328275-215000-220000	RUN DB 6.162	RUN ALL 6.603	START=219000	END=220000	SIZE=1000
FROM	44	46
END 	FROM	42	TO	220000	623065	(FROM ORIGIN)	33143	(THIS STEP)
0 - 220000OK
1643385361392-220000-225000	RUN DB 6.23	RUN ALL 6.73	START=220000	END=221000	SIZE=1000
1643385361421-225000-230000	RUN DB 6.268	RUN ALL 6.768	START=225000	END=226000	SIZE=1000
1643385361392-220000-225000	RUN DB 5.873	RUN ALL 6.399	START=221000	END=222000	SIZE=1000
1643385361421-225000-230000	RUN DB 6.403	RUN ALL 6.902	START=226000	END=227000	SIZE=1000
1643385361392-220000-225000	RUN DB 6.017	RUN ALL 6.569	START=222000	END=223000	SIZE=1000
1643385361421-225000-230000	RUN DB 6.132	RUN ALL 6.615	START=227000	END=228000	SIZE=1000
1643385361392-220000-225000	RUN DB 5.844	RUN ALL 6.384	START=223000	END=224000	SIZE=1000
1643385361421-225000-230000	RUN DB 5.826	RUN ALL 6.267	START=228000	END=229000	SIZE=1000
1643385361392-220000-225000	RUN DB 6.325	RUN ALL 6.85	START=224000	END=225000	SIZE=1000
1643385361421-225000-230000	RUN DB 6.45	RUN ALL 6.896	START=229000	END=230000	SIZE=1000
END 	FROM	44	TO	230000	656559	(FROM ORIGIN)	33479	(THIS STEP)
FROM	46	48
0 - 230000OK
1643385394886-230000-235000	RUN DB 6.448	RUN ALL 6.975	START=230000	END=231000	SIZE=1000
1643385394917-235000-240000	RUN DB 6.47	RUN ALL 7.043	START=235000	END=236000	SIZE=1000
1643385394886-230000-235000	RUN DB 6.302	RUN ALL 6.79	START=231000	END=232000	SIZE=1000
1643385394917-235000-240000	RUN DB 6.56	RUN ALL 7.027	START=236000	END=237000	SIZE=1000
1643385394886-230000-235000	RUN DB 6.099	RUN ALL 6.532	START=232000	END=233000	SIZE=1000
1643385394917-235000-240000	RUN DB 6.41	RUN ALL 6.807	START=237000	END=238000	SIZE=1000
1643385394886-230000-235000	RUN DB 6.01	RUN ALL 6.518	START=233000	END=234000	SIZE=1000
1643385394917-235000-240000	RUN DB 6.043	RUN ALL 6.672	START=238000	END=239000	SIZE=1000
1643385394886-230000-235000	RUN DB 6.357	RUN ALL 6.78	START=234000	END=235000	SIZE=1000
1643385394917-235000-240000	RUN DB 6.227	RUN ALL 6.667	START=239000	END=240000	SIZE=1000
0 - 240000OK
END 	FROM	46	TO	240000	690825	(FROM ORIGIN)	34251	(THIS STEP)
FROM	48	50
1643385429155-240000-245000	RUN DB 6.592	RUN ALL 7.139	START=240000	END=241000	SIZE=1000
1643385429188-245000-250000	RUN DB 6.83	RUN ALL 7.305	START=245000	END=246000	SIZE=1000
1643385429155-240000-245000	RUN DB 5.994	RUN ALL 6.433	START=241000	END=242000	SIZE=1000
1643385429188-245000-250000	RUN DB 6.421	RUN ALL 6.822	START=246000	END=247000	SIZE=1000
1643385429155-240000-245000	RUN DB 6.283	RUN ALL 6.716	START=242000	END=243000	SIZE=1000
1643385429188-245000-250000	RUN DB 6.288	RUN ALL 6.699	START=247000	END=248000	SIZE=1000
1643385429155-240000-245000	RUN DB 6.231	RUN ALL 6.76	START=243000	END=244000	SIZE=1000
1643385429188-245000-250000	RUN DB 6.3	RUN ALL 6.826	START=248000	END=249000	SIZE=1000
1643385429155-240000-245000	RUN DB 6.573	RUN ALL 7.39	START=244000	END=245000	SIZE=1000
1643385429188-245000-250000	RUN DB 6.59	RUN ALL 7.217	START=249000	END=250000	SIZE=1000
FROM	50	52
0 - 250000OK
END 	FROM	48	TO	250000	725747	(FROM ORIGIN)	34904	(THIS STEP)
1643385464077-250000-255000	RUN DB 6.626	RUN ALL 7.159	START=250000	END=251000	SIZE=1000
1643385464126-255000-260000	RUN DB 6.786	RUN ALL 7.264	START=255000	END=256000	SIZE=1000
1643385464126-255000-260000	RUN DB 6.925	RUN ALL 7.461	START=256000	END=257000	SIZE=1000
1643385464077-250000-255000	RUN DB 7.132	RUN ALL 7.657	START=251000	END=252000	SIZE=1000
1643385464126-255000-260000	RUN DB 7.135	RUN ALL 7.634	START=257000	END=258000	SIZE=1000
1643385464077-250000-255000	RUN DB 7.447	RUN ALL 7.893	START=252000	END=253000	SIZE=1000
1643385464126-255000-260000	RUN DB 6.283	RUN ALL 6.779	START=258000	END=259000	SIZE=1000
1643385464077-250000-255000	RUN DB 6.566	RUN ALL 7.047	START=253000	END=254000	SIZE=1000
1643385464126-255000-260000	RUN DB 6.722	RUN ALL 7.332	START=259000	END=260000	SIZE=1000
1643385464077-250000-255000	RUN DB 6.726	RUN ALL 7.384	START=254000	END=255000	SIZE=1000
0 - 260000OK
FROM	52	54
END 	FROM	50	TO	260000	762910	(FROM ORIGIN)	37145	(THIS STEP)
1643385501241-260000-265000	RUN DB 6.439	RUN ALL 7.327	START=260000	END=261000	SIZE=1000
1643385501276-265000-270000	RUN DB 6.836	RUN ALL 7.5	START=265000	END=266000	SIZE=1000
1643385501241-260000-265000	RUN DB 6.826	RUN ALL 7.542	START=261000	END=262000	SIZE=1000
1643385501276-265000-270000	RUN DB 7.108	RUN ALL 7.701	START=266000	END=267000	SIZE=1000
1643385501241-260000-265000	RUN DB 6.97	RUN ALL 7.523	START=262000	END=263000	SIZE=1000
1643385501276-265000-270000	RUN DB 6.973	RUN ALL 7.474	START=267000	END=268000	SIZE=1000
1643385501241-260000-265000	RUN DB 6.513	RUN ALL 7.178	START=263000	END=264000	SIZE=1000
1643385501276-265000-270000	RUN DB 6.795	RUN ALL 7.5	START=268000	END=269000	SIZE=1000
1643385501241-260000-265000	RUN DB 6.468	RUN ALL 7.071	START=264000	END=265000	SIZE=1000
END 	FROM	52	TO	270000	800132	(FROM ORIGIN)	37203	(THIS STEP)
1643385501276-265000-270000	RUN DB 6.386	RUN ALL 6.989	START=269000	END=270000	SIZE=1000
FROM	54	56
0 - 270000OK
1643385538462-270000-275000	RUN DB 7.816	RUN ALL 8.347	START=270000	END=271000	SIZE=1000
1643385538488-275000-280000	RUN DB 7.9	RUN ALL 8.458	START=275000	END=276000	SIZE=1000
1643385538462-270000-275000	RUN DB 6.474	RUN ALL 6.931	START=271000	END=272000	SIZE=1000
1643385538488-275000-280000	RUN DB 6.924	RUN ALL 7.362	START=276000	END=277000	SIZE=1000
1643385538462-270000-275000	RUN DB 6.461	RUN ALL 6.976	START=272000	END=273000	SIZE=1000
1643385538488-275000-280000	RUN DB 6.494	RUN ALL 7.004	START=277000	END=278000	SIZE=1000
1643385538462-270000-275000	RUN DB 6.605	RUN ALL 7.22	START=273000	END=274000	SIZE=1000
1643385538488-275000-280000	RUN DB 6.585	RUN ALL 7.047	START=278000	END=279000	SIZE=1000
1643385538462-270000-275000	RUN DB 6.596	RUN ALL 7.176	START=274000	END=275000	SIZE=1000
1643385538488-275000-280000	RUN DB 6.859	RUN ALL 7.294	START=279000	END=280000	SIZE=1000
END 	FROM	54	TO	280000	837341	(FROM ORIGIN)	37192	(THIS STEP)
FROM	56	58
0 - 280000OK
1643385575674-280000-285000	RUN DB 6.458	RUN ALL 6.916	START=280000	END=281000	SIZE=1000
1643385575699-285000-290000	RUN DB 6.86	RUN ALL 7.35	START=285000	END=286000	SIZE=1000
1643385575674-280000-285000	RUN DB 7.141	RUN ALL 7.676	START=281000	END=282000	SIZE=1000
1643385575699-285000-290000	RUN DB 7.171	RUN ALL 7.648	START=286000	END=287000	SIZE=1000
1643385575674-280000-285000	RUN DB 6.62	RUN ALL 7.197	START=282000	END=283000	SIZE=1000
1643385575699-285000-290000	RUN DB 7.128	RUN ALL 7.623	START=287000	END=288000	SIZE=1000
1643385575674-280000-285000	RUN DB 7.284	RUN ALL 7.771	START=283000	END=284000	SIZE=1000
1643385575699-285000-290000	RUN DB 6.971	RUN ALL 7.446	START=288000	END=289000	SIZE=1000
1643385575674-280000-285000	RUN DB 6.897	RUN ALL 7.465	START=284000	END=285000	SIZE=1000
1643385575699-285000-290000	RUN DB 7.001	RUN ALL 7.511	START=289000	END=290000	SIZE=1000
0 - 290000OK
END 	FROM	56	TO	290000	874968	(FROM ORIGIN)	37607	(THIS STEP)
FROM	58	60
1643385613303-290000-295000	RUN DB 6.921	RUN ALL 7.496	START=290000	END=291000	SIZE=1000
1643385613344-295000-300000	RUN DB 7.217	RUN ALL 7.781	START=295000	END=296000	SIZE=1000
1643385613303-290000-295000	RUN DB 6.572	RUN ALL 7.229	START=291000	END=292000	SIZE=1000
1643385613344-295000-300000	RUN DB 6.741	RUN ALL 7.258	START=296000	END=297000	SIZE=1000
1643385613303-290000-295000	RUN DB 6.913	RUN ALL 7.387	START=292000	END=293000	SIZE=1000
1643385613344-295000-300000	RUN DB 7.092	RUN ALL 7.555	START=297000	END=298000	SIZE=1000
1643385613303-290000-295000	RUN DB 6.692	RUN ALL 7.256	START=293000	END=294000	SIZE=1000
1643385613344-295000-300000	RUN DB 6.783	RUN ALL 7.377	START=298000	END=299000	SIZE=1000
1643385613303-290000-295000	RUN DB 6.941	RUN ALL 7.401	START=294000	END=295000	SIZE=1000
1643385613344-295000-300000	RUN DB 6.808	RUN ALL 7.291	START=299000	END=300000	SIZE=1000
END 	FROM	58	TO	300000	912298	(FROM ORIGIN)	37307	(THIS STEP)
FROM	60	62
0 - 300000OK
1643385650637-300000-305000	RUN DB 7.284	RUN ALL 7.873	START=300000	END=301000	SIZE=1000
1643385650697-305000-310000	RUN DB 7.494	RUN ALL 7.978	START=305000	END=306000	SIZE=1000
1643385650637-300000-305000	RUN DB 7.411	RUN ALL 7.913	START=301000	END=302000	SIZE=1000
1643385650697-305000-310000	RUN DB 7.86	RUN ALL 8.282	START=306000	END=307000	SIZE=1000
1643385650637-300000-305000	RUN DB 7.016	RUN ALL 7.586	START=302000	END=303000	SIZE=1000
1643385650697-305000-310000	RUN DB 6.994	RUN ALL 7.478	START=307000	END=308000	SIZE=1000
1643385650637-300000-305000	RUN DB 6.953	RUN ALL 7.468	START=303000	END=304000	SIZE=1000
1643385650697-305000-310000	RUN DB 7.538	RUN ALL 7.937	START=308000	END=309000	SIZE=1000
1643385650637-300000-305000	RUN DB 6.981	RUN ALL 7.515	START=304000	END=305000	SIZE=1000
1643385650697-305000-310000	RUN DB 6.666	RUN ALL 7.099	START=309000	END=310000	SIZE=1000
0 - 310000OK
FROM	62	64
END 	FROM	60	TO	310000	951162	(FROM ORIGIN)	38838	(THIS STEP)
1643385689494-310000-315000	RUN DB 7.55	RUN ALL 8.116	START=310000	END=311000	SIZE=1000
1643385689525-315000-320000	RUN DB 7.636	RUN ALL 8.293	START=315000	END=316000	SIZE=1000
1643385689494-310000-315000	RUN DB 7.218	RUN ALL 8.051	START=311000	END=312000	SIZE=1000
1643385689525-315000-320000	RUN DB 7.634	RUN ALL 8.195	START=316000	END=317000	SIZE=1000
1643385689494-310000-315000	RUN DB 7.251	RUN ALL 7.901	START=312000	END=313000	SIZE=1000
1643385689525-315000-320000	RUN DB 7.36	RUN ALL 7.906	START=317000	END=318000	SIZE=1000
1643385689494-310000-315000	RUN DB 7.259	RUN ALL 7.918	START=313000	END=314000	SIZE=1000
1643385689525-315000-320000	RUN DB 7.517	RUN ALL 8.009	START=318000	END=319000	SIZE=1000
1643385689494-310000-315000	RUN DB 7.128	RUN ALL 7.647	START=314000	END=315000	SIZE=1000
1643385689525-315000-320000	RUN DB 7.242	RUN ALL 7.759	START=319000	END=320000	SIZE=1000
0 - 320000OK
END 	FROM	62	TO	320000	991378	(FROM ORIGIN)	40196	(THIS STEP)
FROM	64	66
1643385729709-320000-325000	RUN DB 7.874	RUN ALL 8.509	START=320000	END=321000	SIZE=1000
1643385729739-325000-330000	RUN DB 7.99	RUN ALL 8.626	START=325000	END=326000	SIZE=1000
1643385729709-320000-325000	RUN DB 7.058	RUN ALL 7.623	START=321000	END=322000	SIZE=1000
1643385729739-325000-330000	RUN DB 7.438	RUN ALL 7.954	START=326000	END=327000	SIZE=1000
1643385729709-320000-325000	RUN DB 7.179	RUN ALL 7.63	START=322000	END=323000	SIZE=1000
1643385729739-325000-330000	RUN DB 7.205	RUN ALL 7.727	START=327000	END=328000	SIZE=1000
1643385729709-320000-325000	RUN DB 7.23	RUN ALL 7.691	START=323000	END=324000	SIZE=1000
1643385729739-325000-330000	RUN DB 7.22	RUN ALL 7.63	START=328000	END=329000	SIZE=1000
1643385729709-320000-325000	RUN DB 7.314	RUN ALL 7.835	START=324000	END=325000	SIZE=1000
END 	FROM	64	TO	330000	1031178	(FROM ORIGIN)	39781	(THIS STEP)
1643385729739-325000-330000	RUN DB 7.408	RUN ALL 7.813	START=329000	END=330000	SIZE=1000
0 - 330000OK
FROM	66	68
1643385769510-330000-335000	RUN DB 7.707	RUN ALL 8.184	START=330000	END=331000	SIZE=1000
1643385769532-335000-340000	RUN DB 7.953	RUN ALL 8.368	START=335000	END=336000	SIZE=1000
1643385769510-330000-335000	RUN DB 7.862	RUN ALL 8.387	START=331000	END=332000	SIZE=1000
1643385769532-335000-340000	RUN DB 8.149	RUN ALL 8.572	START=336000	END=337000	SIZE=1000
1643385769510-330000-335000	RUN DB 7.474	RUN ALL 7.986	START=332000	END=333000	SIZE=1000
1643385769532-335000-340000	RUN DB 7.7	RUN ALL 8.091	START=337000	END=338000	SIZE=1000
1643385769510-330000-335000	RUN DB 7.334	RUN ALL 7.773	START=333000	END=334000	SIZE=1000
1643385769532-335000-340000	RUN DB 7.607	RUN ALL 8.039	START=338000	END=339000	SIZE=1000
1643385769510-330000-335000	RUN DB 7.514	RUN ALL 8.005	START=334000	END=335000	SIZE=1000
1643385769532-335000-340000	RUN DB 7.349	RUN ALL 7.765	START=339000	END=340000	SIZE=1000
0 - 340000OK
END 	FROM	66	TO	340000	1072058	(FROM ORIGIN)	40860	(THIS STEP)
FROM	68	70
1643385810392-340000-345000	RUN DB 7.676	RUN ALL 8.287	START=340000	END=341000	SIZE=1000
1643385810420-345000-350000	RUN DB 7.848	RUN ALL 8.363	START=345000	END=346000	SIZE=1000
1643385810392-340000-345000	RUN DB 8.061	RUN ALL 8.73	START=341000	END=342000	SIZE=1000
1643385810420-345000-350000	RUN DB 8.385	RUN ALL 8.873	START=346000	END=347000	SIZE=1000
1643385810392-340000-345000	RUN DB 7.379	RUN ALL 7.987	START=342000	END=343000	SIZE=1000
1643385810420-345000-350000	RUN DB 7.675	RUN ALL 8.138	START=347000	END=348000	SIZE=1000
1643385810392-340000-345000	RUN DB 8.001	RUN ALL 8.523	START=343000	END=344000	SIZE=1000
1643385810420-345000-350000	RUN DB 8.026	RUN ALL 8.477	START=348000	END=349000	SIZE=1000
1643385810392-340000-345000	RUN DB 7.628	RUN ALL 8.421	START=344000	END=345000	SIZE=1000
END 	FROM	68	TO	350000	1114330	(FROM ORIGIN)	42250	(THIS STEP)
1643385810420-345000-350000	RUN DB 7.825	RUN ALL 8.369	START=349000	END=350000	SIZE=1000
FROM	70	72
0 - 350000OK
1643385852664-350000-355000	RUN DB 7.776	RUN ALL 8.348	START=350000	END=351000	SIZE=1000
1643385852688-355000-360000	RUN DB 7.933	RUN ALL 8.531	START=355000	END=356000	SIZE=1000
1643385852664-350000-355000	RUN DB 7.587	RUN ALL 8.168	START=351000	END=352000	SIZE=1000
1643385852688-355000-360000	RUN DB 7.913	RUN ALL 8.431	START=356000	END=357000	SIZE=1000
1643385852688-355000-360000	RUN DB 13.487	RUN ALL 13.966	START=357000	END=358000	SIZE=1000
1643385852664-350000-355000	RUN DB 15.801	RUN ALL 16.259	START=352000	END=353000	SIZE=1000
1643385852688-355000-360000	RUN DB 7.602	RUN ALL 8.191	START=358000	END=359000	SIZE=1000
1643385852664-350000-355000	RUN DB 6.441	RUN ALL 6.927	START=353000	END=354000	SIZE=1000
1643385852688-355000-360000	RUN DB 7.594	RUN ALL 8.169	START=359000	END=360000	SIZE=1000
END 	FROM	70	TO	360000	1162105	(FROM ORIGIN)	47754	(THIS STEP)
1643385852664-350000-355000	RUN DB 7.575	RUN ALL 8.049	START=354000	END=355000	SIZE=1000
0 - 360000OK
FROM	72	74
1643385900440-360000-365000	RUN DB 8.681	RUN ALL 9.256	START=360000	END=361000	SIZE=1000
1643385900465-365000-370000	RUN DB 8.799	RUN ALL 9.332	START=365000	END=366000	SIZE=1000
1643385900440-360000-365000	RUN DB 8.009	RUN ALL 8.495	START=361000	END=362000	SIZE=1000
1643385900465-365000-370000	RUN DB 8.468	RUN ALL 8.985	START=366000	END=367000	SIZE=1000
1643385900440-360000-365000	RUN DB 7.699	RUN ALL 8.166	START=362000	END=363000	SIZE=1000
1643385900465-365000-370000	RUN DB 7.669	RUN ALL 8.108	START=367000	END=368000	SIZE=1000
1643385900440-360000-365000	RUN DB 7.831	RUN ALL 8.274	START=363000	END=364000	SIZE=1000
1643385900465-365000-370000	RUN DB 7.873	RUN ALL 8.329	START=368000	END=369000	SIZE=1000
1643385900440-360000-365000	RUN DB 7.78	RUN ALL 8.238	START=364000	END=365000	SIZE=1000
END 	FROM	72	TO	370000	1205153	(FROM ORIGIN)	43025	(THIS STEP)
0 - 370000OK
1643385900465-365000-370000	RUN DB 7.793	RUN ALL 8.243	START=369000	END=370000	SIZE=1000
FROM	74	76
1643385943487-370000-375000	RUN DB 9.487	RUN ALL 10.005	START=370000	END=371000	SIZE=1000
1643385943512-375000-380000	RUN DB 9.62	RUN ALL 10.11	START=375000	END=376000	SIZE=1000
1643385943487-370000-375000	RUN DB 7.712	RUN ALL 8.271	START=371000	END=372000	SIZE=1000
1643385943512-375000-380000	RUN DB 8.109	RUN ALL 8.547	START=376000	END=377000	SIZE=1000
1643385943487-370000-375000	RUN DB 8.019	RUN ALL 8.511	START=372000	END=373000	SIZE=1000
1643385943512-375000-380000	RUN DB 8.158	RUN ALL 8.565	START=377000	END=378000	SIZE=1000
1643385943487-370000-375000	RUN DB 7.872	RUN ALL 8.34	START=373000	END=374000	SIZE=1000
1643385943512-375000-380000	RUN DB 7.94	RUN ALL 8.374	START=378000	END=379000	SIZE=1000
1643385943487-370000-375000	RUN DB 7.712	RUN ALL 8.18	START=374000	END=375000	SIZE=1000
1643385943512-375000-380000	RUN DB 7.653	RUN ALL 8.104	START=379000	END=380000	SIZE=1000
FROM	76	78
END 	FROM	74	TO	380000	1248903	(FROM ORIGIN)	43729	(THIS STEP)
0 - 380000OK
1643385987248-380000-385000	RUN DB 8.436	RUN ALL 8.994	START=380000	END=381000	SIZE=1000
1643385987270-385000-390000	RUN DB 8.683	RUN ALL 9.159	START=385000	END=386000	SIZE=1000
1643385987248-380000-385000	RUN DB 7.881	RUN ALL 8.319	START=381000	END=382000	SIZE=1000
1643385987270-385000-390000	RUN DB 8.177	RUN ALL 8.641	START=386000	END=387000	SIZE=1000
1643385987248-380000-385000	RUN DB 8.054	RUN ALL 8.468	START=382000	END=383000	SIZE=1000
1643385987270-385000-390000	RUN DB 8.007	RUN ALL 8.396	START=387000	END=388000	SIZE=1000
1643385987248-380000-385000	RUN DB 8.189	RUN ALL 8.726	START=383000	END=384000	SIZE=1000
1643385987270-385000-390000	RUN DB 8.405	RUN ALL 8.885	START=388000	END=389000	SIZE=1000
1643385987248-380000-385000	RUN DB 7.872	RUN ALL 8.398	START=384000	END=385000	SIZE=1000
1643385987270-385000-390000	RUN DB 7.833	RUN ALL 8.32	START=389000	END=390000	SIZE=1000
END 	FROM	76	TO	390000	1292360	(FROM ORIGIN)	43424	(THIS STEP)
FROM	78	80
0 - 390000OK
1643386030694-390000-395000	RUN DB 8.43	RUN ALL 8.965	START=390000	END=391000	SIZE=1000
1643386030726-395000-400000	RUN DB 8.558	RUN ALL 9.09	START=395000	END=396000	SIZE=1000
1643386030694-390000-395000	RUN DB 8.437	RUN ALL 8.89	START=391000	END=392000	SIZE=1000
1643386030726-395000-400000	RUN DB 8.794	RUN ALL 9.231	START=396000	END=397000	SIZE=1000
1643386030694-390000-395000	RUN DB 8.265	RUN ALL 8.884	START=392000	END=393000	SIZE=1000
1643386030726-395000-400000	RUN DB 8.194	RUN ALL 8.679	START=397000	END=398000	SIZE=1000
1643386030726-395000-400000	RUN DB 10.118	RUN ALL 10.918	START=398000	END=399000	SIZE=1000
1643386030694-390000-395000	RUN DB 10.488	RUN ALL 11.258	START=393000	END=394000	SIZE=1000
1643386030726-395000-400000	RUN DB 8.874	RUN ALL 9.594	START=399000	END=400000	SIZE=1000
1643386030694-390000-395000	RUN DB 8.903	RUN ALL 9.647	START=394000	END=395000	SIZE=1000
FROM	80	82
END 	FROM	78	TO	400000	1340029	(FROM ORIGIN)	47647	(THIS STEP)
0 - 400000OK
1643386078374-400000-405000	RUN DB 9.133	RUN ALL 9.684	START=400000	END=401000	SIZE=1000
1643386078419-405000-410000	RUN DB 9.203	RUN ALL 9.727	START=405000	END=406000	SIZE=1000
1643386078374-400000-405000	RUN DB 8.6	RUN ALL 9.236	START=401000	END=402000	SIZE=1000
1643386078419-405000-410000	RUN DB 8.787	RUN ALL 9.368	START=406000	END=407000	SIZE=1000
1643386078374-400000-405000	RUN DB 8.295	RUN ALL 8.792	START=402000	END=403000	SIZE=1000
1643386078419-405000-410000	RUN DB 9.069	RUN ALL 9.72	START=407000	END=408000	SIZE=1000
1643386078374-400000-405000	RUN DB 8.277	RUN ALL 8.949	START=403000	END=404000	SIZE=1000
1643386078419-405000-410000	RUN DB 7.564	RUN ALL 8.092	START=408000	END=409000	SIZE=1000
1643386078374-400000-405000	RUN DB 8.274	RUN ALL 8.861	START=404000	END=405000	SIZE=1000
1643386078419-405000-410000	RUN DB 8.427	RUN ALL 8.878	START=409000	END=410000	SIZE=1000
0 - 410000OK
END 	FROM	80	TO	410000	1385897	(FROM ORIGIN)	45835	(THIS STEP)
FROM	82	84
1643386124234-410000-415000	RUN DB 8.783	RUN ALL 9.278	START=410000	END=411000	SIZE=1000
1643386124260-415000-420000	RUN DB 9.014	RUN ALL 9.494	START=415000	END=416000	SIZE=1000
1643386124234-410000-415000	RUN DB 8.543	RUN ALL 8.967	START=411000	END=412000	SIZE=1000
1643386124260-415000-420000	RUN DB 8.786	RUN ALL 9.283	START=416000	END=417000	SIZE=1000
1643386124260-415000-420000	RUN DB 8.32	RUN ALL 8.826	START=417000	END=418000	SIZE=1000
1643386124260-415000-420000	RUN DB 5.186	RUN ALL 5.808	START=418000	END=419000	SIZE=1000
1643386124260-415000-420000	RUN DB 4.676	RUN ALL 5.175	START=419000	END=420000	SIZE=1000
1643386124234-410000-415000	RUN DB 8.416	RUN ALL 34.752	START=412000	END=413000	SIZE=1000
1643386124234-410000-415000	RUN DB 4.709	RUN ALL 5.183	START=413000	END=414000	SIZE=1000
1643386124234-410000-415000	RUN DB 4.7	RUN ALL 5.217	START=414000	END=415000	SIZE=1000
END 	FROM	82	TO	420000	1449324	(FROM ORIGIN)	63402	(THIS STEP)
FROM	84	86
0 - 420000OK
1643386187673-420000-425000	RUN DB 8.81	RUN ALL 9.333	START=420000	END=421000	SIZE=1000
1643386187710-425000-430000	RUN DB 8.977	RUN ALL 9.517	START=425000	END=426000	SIZE=1000
1643386187673-420000-425000	RUN DB 9.062	RUN ALL 9.562	START=421000	END=422000	SIZE=1000
1643386187710-425000-430000	RUN DB 9.288	RUN ALL 9.798	START=426000	END=427000	SIZE=1000
1643386187673-420000-425000	RUN DB 8.439	RUN ALL 8.981	START=422000	END=423000	SIZE=1000
1643386187710-425000-430000	RUN DB 8.486	RUN ALL 8.916	START=427000	END=428000	SIZE=1000
1643386187673-420000-425000	RUN DB 8.697	RUN ALL 9.226	START=423000	END=424000	SIZE=1000
1643386187710-425000-430000	RUN DB 8.796	RUN ALL 9.263	START=428000	END=429000	SIZE=1000
1643386187673-420000-425000	RUN DB 8.703	RUN ALL 9.54	START=424000	END=425000	SIZE=1000
1643386187710-425000-430000	RUN DB 8.855	RUN ALL 9.645	START=429000	END=430000	SIZE=1000
0 - 430000OK
END 	FROM	84	TO	430000	1496540	(FROM ORIGIN)	47179	(THIS STEP)
FROM	86	88
1643386234908-430000-435000	RUN DB 8.9	RUN ALL 9.624	START=430000	END=431000	SIZE=1000
1643386235101-435000-440000	RUN DB 9.086	RUN ALL 9.754	START=435000	END=436000	SIZE=1000
1643386234908-430000-435000	RUN DB 8.85	RUN ALL 9.353	START=431000	END=432000	SIZE=1000
1643386235101-435000-440000	RUN DB 8.993	RUN ALL 9.445	START=436000	END=437000	SIZE=1000
1643386234908-430000-435000	RUN DB 8.739	RUN ALL 9.659	START=432000	END=433000	SIZE=1000
1643386235101-435000-440000	RUN DB 8.748	RUN ALL 9.404	START=437000	END=438000	SIZE=1000
1643386234908-430000-435000	RUN DB 8.816	RUN ALL 9.488	START=433000	END=434000	SIZE=1000
1643386235101-435000-440000	RUN DB 9.095	RUN ALL 9.658	START=438000	END=439000	SIZE=1000
1643386234908-430000-435000	RUN DB 8.586	RUN ALL 9.146	START=434000	END=435000	SIZE=1000
END 	FROM	86	TO	440000	1544409	(FROM ORIGIN)	47814	(THIS STEP)
1643386235101-435000-440000	RUN DB 8.782	RUN ALL 9.356	START=439000	END=440000	SIZE=1000
0 - 440000OK
FROM	88	90
1643386282757-440000-445000	RUN DB 9.867	RUN ALL 10.657	START=440000	END=441000	SIZE=1000
1643386282808-445000-450000	RUN DB 9.888	RUN ALL 10.674	START=445000	END=446000	SIZE=1000
1643386282757-440000-445000	RUN DB 9.152	RUN ALL 9.741	START=441000	END=442000	SIZE=1000
1643386282808-445000-450000	RUN DB 9.159	RUN ALL 9.73	START=446000	END=447000	SIZE=1000
1643386282757-440000-445000	RUN DB 8.89	RUN ALL 9.432	START=442000	END=443000	SIZE=1000
1643386282808-445000-450000	RUN DB 9.196	RUN ALL 9.715	START=447000	END=448000	SIZE=1000
1643386282757-440000-445000	RUN DB 8.992	RUN ALL 9.626	START=443000	END=444000	SIZE=1000
1643386282808-445000-450000	RUN DB 9.121	RUN ALL 9.646	START=448000	END=449000	SIZE=1000
1643386282808-445000-450000	RUN DB 8.76	RUN ALL 9.428	START=449000	END=450000	SIZE=1000
1643386282757-440000-445000	RUN DB 9.2	RUN ALL 9.823	START=444000	END=445000	SIZE=1000
0 - 450000OK
END 	FROM	88	TO	450000	1593726	(FROM ORIGIN)	49281	(THIS STEP)
FROM	90	92
1643386332071-450000-455000	RUN DB 9.073	RUN ALL 9.78	START=450000	END=451000	SIZE=1000
1643386332114-455000-460000	RUN DB 9.162	RUN ALL 9.846	START=455000	END=456000	SIZE=1000
1643386332071-450000-455000	RUN DB 8.996	RUN ALL 9.513	START=451000	END=452000	SIZE=1000
1643386332114-455000-460000	RUN DB 9.356	RUN ALL 9.829	START=456000	END=457000	SIZE=1000
1643386332114-455000-460000	RUN DB 9.944	RUN ALL 10.647	START=457000	END=458000	SIZE=1000
1643386332071-450000-455000	RUN DB 10.584	RUN ALL 11.232	START=452000	END=453000	SIZE=1000
1643386332114-455000-460000	RUN DB 8.935	RUN ALL 9.702	START=458000	END=459000	SIZE=1000
1643386332071-450000-455000	RUN DB 9.3	RUN ALL 10.048	START=453000	END=454000	SIZE=1000
1643386332114-455000-460000	RUN DB 9.053	RUN ALL 9.564	START=459000	END=460000	SIZE=1000
END 	FROM	90	TO	460000	1643828	(FROM ORIGIN)	50069	(THIS STEP)
1643386332071-450000-455000	RUN DB 9.021	RUN ALL 9.491	START=454000	END=455000	SIZE=1000
0 - 460000OK
FROM	92	94
1643386382171-460000-465000	RUN DB 9.444	RUN ALL 10.331	START=460000	END=461000	SIZE=1000
1643386382208-465000-470000	RUN DB 9.507	RUN ALL 10.353	START=465000	END=466000	SIZE=1000
1643386382171-460000-465000	RUN DB 9.405	RUN ALL 10.239	START=461000	END=462000	SIZE=1000
1643386382208-465000-470000	RUN DB 9.649	RUN ALL 10.461	START=466000	END=467000	SIZE=1000
1643386382171-460000-465000	RUN DB 9.098	RUN ALL 10.268	START=462000	END=463000	SIZE=1000
1643386382208-465000-470000	RUN DB 9.276	RUN ALL 10.325	START=467000	END=468000	SIZE=1000
1643386382171-460000-465000	RUN DB 9.11	RUN ALL 9.979	START=463000	END=464000	SIZE=1000
1643386382208-465000-470000	RUN DB 9.238	RUN ALL 10.029	START=468000	END=469000	SIZE=1000
1643386382171-460000-465000	RUN DB 9.298	RUN ALL 10.826	START=464000	END=465000	SIZE=1000
1643386382208-465000-470000	RUN DB 9.449	RUN ALL 10.787	START=469000	END=470000	SIZE=1000
FROM	94	96
0 - 470000OK
END 	FROM	92	TO	470000	1695857	(FROM ORIGIN)	51998	(THIS STEP)
1643386434229-470000-475000	RUN DB 10.589	RUN ALL 12.243	START=470000	END=471000	SIZE=1000
1643386434344-475000-480000	RUN DB 10.824	RUN ALL 12.492	START=475000	END=476000	SIZE=1000
1643386434229-470000-475000	RUN DB 9.662	RUN ALL 10.635	START=471000	END=472000	SIZE=1000
1643386434344-475000-480000	RUN DB 9.617	RUN ALL 10.584	START=476000	END=477000	SIZE=1000
1643386434229-470000-475000	RUN DB 9.222	RUN ALL 9.871	START=472000	END=473000	SIZE=1000
1643386434344-475000-480000	RUN DB 9.42	RUN ALL 10.054	START=477000	END=478000	SIZE=1000
1643386434229-470000-475000	RUN DB 13.888	RUN ALL 14.619	START=473000	END=474000	SIZE=1000
1643386434344-475000-480000	RUN DB 14.427	RUN ALL 15.272	START=478000	END=479000	SIZE=1000
1643386434229-470000-475000	RUN DB 9.505	RUN ALL 10.187	START=474000	END=475000	SIZE=1000
1643386434344-475000-480000	RUN DB 8.871	RUN ALL 9.441	START=479000	END=480000	SIZE=1000
FROM	96	98
END 	FROM	94	TO	480000	1753882	(FROM ORIGIN)	57965	(THIS STEP)
0 - 480000OK
1643386492242-480000-485000	RUN DB 9.707	RUN ALL 10.321	START=480000	END=481000	SIZE=1000
1643386492301-485000-490000	RUN DB 9.985	RUN ALL 10.584	START=485000	END=486000	SIZE=1000
1643386492242-480000-485000	RUN DB 9.335	RUN ALL 10.087	START=481000	END=482000	SIZE=1000
1643386492301-485000-490000	RUN DB 9.432	RUN ALL 10.066	START=486000	END=487000	SIZE=1000
1643386492242-480000-485000	RUN DB 9.5	RUN ALL 10.11	START=482000	END=483000	SIZE=1000
1643386492301-485000-490000	RUN DB 9.653	RUN ALL 10.282	START=487000	END=488000	SIZE=1000
1643386492242-480000-485000	RUN DB 9.243	RUN ALL 9.925	START=483000	END=484000	SIZE=1000
1643386492301-485000-490000	RUN DB 9.27	RUN ALL 9.827	START=488000	END=489000	SIZE=1000
1643386492242-480000-485000	RUN DB 9.256	RUN ALL 10.06	START=484000	END=485000	SIZE=1000
1643386492301-485000-490000	RUN DB 9.321	RUN ALL 10.127	START=489000	END=490000	SIZE=1000
END 	FROM	96	TO	490000	1804877	(FROM ORIGIN)	50947	(THIS STEP)
0 - 490000OK
FROM	98	100
1643386543243-490000-495000	RUN DB 10.056	RUN ALL 10.815	START=490000	END=491000	SIZE=1000
1643386543284-495000-500000	RUN DB 10.271	RUN ALL 11.032	START=495000	END=496000	SIZE=1000
1643386543243-490000-495000	RUN DB 10.028	RUN ALL 10.58	START=491000	END=492000	SIZE=1000
1643386543284-495000-500000	RUN DB 10.261	RUN ALL 10.787	START=496000	END=497000	SIZE=1000
1643386543243-490000-495000	RUN DB 9.669	RUN ALL 10.246	START=492000	END=493000	SIZE=1000
1643386543284-495000-500000	RUN DB 9.652	RUN ALL 10.212	START=497000	END=498000	SIZE=1000
1643386543243-490000-495000	RUN DB 9.371	RUN ALL 9.998	START=493000	END=494000	SIZE=1000
1643386543284-495000-500000	RUN DB 9.411	RUN ALL 10.018	START=498000	END=499000	SIZE=1000
1643386543243-490000-495000	RUN DB 9.578	RUN ALL 10.293	START=494000	END=495000	SIZE=1000
1643386543284-495000-500000	RUN DB 9.604	RUN ALL 10.142	START=499000	END=500000	SIZE=1000
END 	FROM	98	TO	500000	1857169	(FROM ORIGIN)	52238	(THIS STEP)
FROM	100	102
0 - 500000OK
1643386595516-500000-505000	RUN DB 9.631	RUN ALL 10.24	START=500000	END=501000	SIZE=1000
1643386595556-505000-510000	RUN DB 9.88	RUN ALL 10.464	START=505000	END=506000	SIZE=1000
1643386595516-500000-505000	RUN DB 9.769	RUN ALL 10.429	START=501000	END=502000	SIZE=1000
1643386595556-505000-510000	RUN DB 10.023	RUN ALL 10.544	START=506000	END=507000	SIZE=1000
1643386595516-500000-505000	RUN DB 10.079	RUN ALL 10.717	START=502000	END=503000	SIZE=1000
1643386595556-505000-510000	RUN DB 10.175	RUN ALL 10.731	START=507000	END=508000	SIZE=1000
1643386595516-500000-505000	RUN DB 9.485	RUN ALL 10.123	START=503000	END=504000	SIZE=1000
1643386595556-505000-510000	RUN DB 9.606	RUN ALL 10.16	START=508000	END=509000	SIZE=1000
1643386595516-500000-505000	RUN DB 9.535	RUN ALL 10.116	START=504000	END=505000	SIZE=1000
1643386595556-505000-510000	RUN DB 9.641	RUN ALL 10.119	START=509000	END=510000	SIZE=1000
END 	FROM	100	TO	510000	1909268	(FROM ORIGIN)	52064	(THIS STEP)
0 - 510000OK
FROM	102	104
1643386647617-510000-515000	RUN DB 9.869	RUN ALL 10.573	START=510000	END=511000	SIZE=1000
1643386647672-515000-520000	RUN DB 10.02	RUN ALL 10.607	START=515000	END=516000	SIZE=1000
1643386647617-510000-515000	RUN DB 9.984	RUN ALL 10.764	START=511000	END=512000	SIZE=1000
1643386647672-515000-520000	RUN DB 10.229	RUN ALL 10.852	START=516000	END=517000	SIZE=1000
1643386647672-515000-520000	RUN DB 11.272	RUN ALL 13.934	START=517000	END=518000	SIZE=1000
1643386647617-510000-515000	RUN DB 11.936	RUN ALL 14.716	START=512000	END=513000	SIZE=1000
ERROR 	FROM	518080	TO	518100
1643386647672-515000-520000	RUN DB 9.485	RUN ALL 11.29	START=518000	END=519000	SIZE=980
1643386647617-510000-515000	RUN DB 9.506	RUN ALL 11.335	START=513000	END=514000	SIZE=1000
1643386647672-515000-520000	RUN DB 10.015	RUN ALL 10.974	START=519000	END=520000	SIZE=1000
1643386647617-510000-515000	RUN DB 9.777	RUN ALL 10.656	START=514000	END=515000	SIZE=1000
0 - 520000OK
END 	FROM	102	TO	520000	1967353	(FROM ORIGIN)	58048	(THIS STEP)
FROM	104	106
1643386705715-520000-525000	RUN DB 10.225	RUN ALL 11.422	START=520000	END=521000	SIZE=1000
1643386705783-525000-530000	RUN DB 10.373	RUN ALL 11.566	START=525000	END=526000	SIZE=1000
1643386705715-520000-525000	RUN DB 9.946	RUN ALL 10.752	START=521000	END=522000	SIZE=1000
1643386705783-525000-530000	RUN DB 10.179	RUN ALL 10.941	START=526000	END=527000	SIZE=1000
1643386705715-520000-525000	RUN DB 9.966	RUN ALL 10.611	START=522000	END=523000	SIZE=1000
1643386705783-525000-530000	RUN DB 9.975	RUN ALL 10.576	START=527000	END=528000	SIZE=1000
1643386705715-520000-525000	RUN DB 10.808	RUN ALL 11.383	START=523000	END=524000	SIZE=1000
1643386705783-525000-530000	RUN DB 11.398	RUN ALL 12.053	START=528000	END=529000	SIZE=1000
1643386705715-520000-525000	RUN DB 9.977	RUN ALL 10.72	START=524000	END=525000	SIZE=1000
1643386705783-525000-530000	RUN DB 9.599	RUN ALL 10.206	START=529000	END=530000	SIZE=1000
END 	FROM	104	TO	530000	2022817	(FROM ORIGIN)	55414	(THIS STEP)
0 - 530000OK
FROM	106	108
1643386761166-530000-535000	RUN DB 10.394	RUN ALL 11.018	START=530000	END=531000	SIZE=1000
1643386761219-535000-540000	RUN DB 10.467	RUN ALL 11.109	START=535000	END=536000	SIZE=1000
1643386761166-530000-535000	RUN DB 9.923	RUN ALL 10.899	START=531000	END=532000	SIZE=1000
1643386761219-535000-540000	RUN DB 10.331	RUN ALL 11.096	START=536000	END=537000	SIZE=1000
1643386761166-530000-535000	RUN DB 10.222	RUN ALL 10.872	START=532000	END=533000	SIZE=1000
1643386761219-535000-540000	RUN DB 10.302	RUN ALL 10.868	START=537000	END=538000	SIZE=1000
1643386761166-530000-535000	RUN DB 10.589	RUN ALL 11.069	START=533000	END=534000	SIZE=1000
1643386761219-535000-540000	RUN DB 10.775	RUN ALL 11.209	START=538000	END=539000	SIZE=1000
1643386761166-530000-535000	RUN DB 10.223	RUN ALL 10.761	START=534000	END=535000	SIZE=1000
1643386761219-535000-540000	RUN DB 10.218	RUN ALL 10.666	START=539000	END=540000	SIZE=1000
0 - 540000OK
END 	FROM	106	TO	540000	2077858	(FROM ORIGIN)	55004	(THIS STEP)
FROM	108	110
1643386816203-540000-545000	RUN DB 10.54	RUN ALL 11.091	START=540000	END=541000	SIZE=1000
1643386816233-545000-550000	RUN DB 10.635	RUN ALL 11.168	START=545000	END=546000	SIZE=1000
1643386816203-540000-545000	RUN DB 10.153	RUN ALL 10.753	START=541000	END=542000	SIZE=1000
1643386816233-545000-550000	RUN DB 10.411	RUN ALL 10.949	START=546000	END=547000	SIZE=1000
1643386816203-540000-545000	RUN DB 10.165	RUN ALL 10.733	START=542000	END=543000	SIZE=1000
1643386816233-545000-550000	RUN DB 10.385	RUN ALL 10.879	START=547000	END=548000	SIZE=1000
1643386816203-540000-545000	RUN DB 10.403	RUN ALL 10.999	START=543000	END=544000	SIZE=1000
1643386816233-545000-550000	RUN DB 10.763	RUN ALL 11.315	START=548000	END=549000	SIZE=1000
1643386816203-540000-545000	RUN DB 10.678	RUN ALL 11.359	START=544000	END=545000	SIZE=1000
1643386816233-545000-550000	RUN DB 10.396	RUN ALL 10.913	START=549000	END=550000	SIZE=1000
END 	FROM	108	TO	550000	2133149	(FROM ORIGIN)	55258	(THIS STEP)
0 - 550000OK
FROM	110	112
1643386871565-555000-560000	RUN DB 10.645	RUN ALL 11.198	START=555000	END=556000	SIZE=1000
1643386871533-550000-555000	RUN DB 10.623	RUN ALL 11.258	START=550000	END=551000	SIZE=1000
1643386871565-555000-560000	RUN DB 10.537	RUN ALL 11.432	START=556000	END=557000	SIZE=1000
1643386871533-550000-555000	RUN DB 10.772	RUN ALL 11.543	START=551000	END=552000	SIZE=1000
1643386871565-555000-560000	RUN DB 10.266	RUN ALL 10.795	START=557000	END=558000	SIZE=1000
1643386871533-550000-555000	RUN DB 11.1	RUN ALL 11.501	START=552000	END=553000	SIZE=1000
1643386871565-555000-560000	RUN DB 10.385	RUN ALL 10.858	START=558000	END=559000	SIZE=1000
1643386871533-550000-555000	RUN DB 10.082	RUN ALL 10.511	START=553000	END=554000	SIZE=1000
1643386871565-555000-560000	RUN DB 10.774	RUN ALL 11.323	START=559000	END=560000	SIZE=1000
END 	FROM	110	TO	560000	2189230	(FROM ORIGIN)	56009	(THIS STEP)
1643386871533-550000-555000	RUN DB 10.791	RUN ALL 11.193	START=554000	END=555000	SIZE=1000
FROM	112	114
0 - 560000OK
1643386927585-560000-565000	RUN DB 10.726	RUN ALL 11.359	START=560000	END=561000	SIZE=1000
1643386927623-565000-570000	RUN DB 10.782	RUN ALL 11.415	START=565000	END=566000	SIZE=1000
1643386927585-560000-565000	RUN DB 10.643	RUN ALL 11.247	START=561000	END=562000	SIZE=1000
1643386927623-565000-570000	RUN DB 11.112	RUN ALL 11.571	START=566000	END=567000	SIZE=1000
1643386927585-560000-565000	RUN DB 10.346	RUN ALL 10.855	START=562000	END=563000	SIZE=1000
1643386927623-565000-570000	RUN DB 10.408	RUN ALL 10.815	START=567000	END=568000	SIZE=1000
1643386927585-560000-565000	RUN DB 10.591	RUN ALL 11.333	START=563000	END=564000	SIZE=1000
1643386927623-565000-570000	RUN DB 10.694	RUN ALL 11.254	START=568000	END=569000	SIZE=1000
1643386927585-560000-565000	RUN DB 10.478	RUN ALL 11.323	START=564000	END=565000	SIZE=1000
1643386927623-565000-570000	RUN DB 10.709	RUN ALL 11.291	START=569000	END=570000	SIZE=1000
0 - 570000OK
END 	FROM	112	TO	570000	2245659	(FROM ORIGIN)	56386	(THIS STEP)
FROM	114	116
1643386984006-570000-575000	RUN DB 10.943	RUN ALL 11.552	START=570000	END=571000	SIZE=1000
1643386984074-575000-580000	RUN DB 10.97	RUN ALL 11.585	START=575000	END=576000	SIZE=1000
1643386984006-570000-575000	RUN DB 10.497	RUN ALL 11.016	START=571000	END=572000	SIZE=1000
1643386984074-575000-580000	RUN DB 10.97	RUN ALL 11.608	START=576000	END=577000	SIZE=1000
1643386984006-570000-575000	RUN DB 10.423	RUN ALL 10.938	START=572000	END=573000	SIZE=1000
1643386984074-575000-580000	RUN DB 10.397	RUN ALL 11.033	START=577000	END=578000	SIZE=1000
1643386984006-570000-575000	RUN DB 11.345	RUN ALL 11.903	START=573000	END=574000	SIZE=1000
1643386984074-575000-580000	RUN DB 10.889	RUN ALL 11.399	START=578000	END=579000	SIZE=1000
1643386984006-570000-575000	RUN DB 10.791	RUN ALL 11.327	START=574000	END=575000	SIZE=1000
END 	FROM	114	TO	580000	2302740	(FROM ORIGIN)	57046	(THIS STEP)
1643386984074-575000-580000	RUN DB 10.855	RUN ALL 11.349	START=579000	END=580000	SIZE=1000
FROM	116	118
0 - 580000OK
1643387041088-580000-585000	RUN DB 11.062	RUN ALL 11.669	START=580000	END=581000	SIZE=1000
1643387041129-585000-590000	RUN DB 11.121	RUN ALL 11.712	START=585000	END=586000	SIZE=1000
1643387041088-580000-585000	RUN DB 11.24	RUN ALL 11.878	START=581000	END=582000	SIZE=1000
1643387041129-585000-590000	RUN DB 11.363	RUN ALL 11.97	START=586000	END=587000	SIZE=1000
1643387041088-580000-585000	RUN DB 10.645	RUN ALL 11.31	START=582000	END=583000	SIZE=1000
1643387041129-585000-590000	RUN DB 11.008	RUN ALL 11.587	START=587000	END=588000	SIZE=1000
